1.5|2017-01-23 09:03:30,930|69dd6c945d2b3c245815026cd485d21d|jira|6.3.6|-|null|customfieldcreated|{"customFieldId":"customfield_10020","id":"10020","fieldType":"JQL Functions Customfield Type"}|1485162210925|SEN-L4572887||issue.field|
1.5|2017-01-23 09:03:31,615|69dd6c945d2b3c245815026cd485d21d|jira|6.3.6|-|-987395134|upgradestarted|{}|1485162211615|SEN-L4572887|fe1fc79aff2b30a64512d5d61186cba1|jirafisheyeplugin.upgrade.ual|
1.5|2017-01-23 09:03:31,890|69dd6c945d2b3c245815026cd485d21d|jira|6.3.6|-|-987395134|upgradefinished|{}|1485162211889|SEN-L4572887|fe1fc79aff2b30a64512d5d61186cba1|jirafisheyeplugin.upgrade.ual|
1.5|2017-01-23 09:03:31,895|69dd6c945d2b3c245815026cd485d21d|jira|6.3.6|-|-987395134|jirafisheyestartrefresh|{}|1485162211895|SEN-L4572887|fe1fc79aff2b30a64512d5d61186cba1|jirafisheyeplugin.config|
1.5|2017-01-23 09:03:31,905|69dd6c945d2b3c245815026cd485d21d|jira|6.3.6|-|-987395134|webhookclearcache|{}|1485162211905|SEN-L4572887|fe1fc79aff2b30a64512d5d61186cba1|webhooks.spi.provider|
1.5|2017-01-23 09:03:32,614|69dd6c945d2b3c245815026cd485d21d|jira|6.3.6|3b5343a756239d165d4045f3efc766e8|-987395134|dashboardview|{"id":"10000"}|1485162212613|SEN-L4572887|fe1fc79aff2b30a64512d5d61186cba1||
1.5|2017-01-23 09:03:45,825|69dd6c945d2b3c245815026cd485d21d|jira|6.3.6|-|null|analytics.jira.base.data|{"numIssues":"0","serverKey":" ","numIssueTypes":"5","numStatuses":"5","numProjects":"0","numUsers":"1","numWorkflows":"1"}|1485162225788|SEN-L4572887||analytics.client.base|
1.5|2017-01-23 09:03:46,286|69dd6c945d2b3c245815026cd485d21d|jira|6.3.6|-|null|analytics.config.changed|{"newValue":"true","key":"LOGGED_BASE_DATA"}|1485162226286|SEN-L4572887||analytics.client.configuration|
1.5|2017-01-23 09:04:12,442|69dd6c945d2b3c245815026cd485d21d|jira|6.3.6|3b5343a756239d165d4045f3efc766e8|-987395134|jira.header.menu.opened|{"id":"admin_menu"}|1485162250390|SEN-L4572887|fe1fc79aff2b30a64512d5d61186cba1|browser|
1.5|2017-01-23 09:04:15,765|69dd6c945d2b3c245815026cd485d21d|jira|6.3.6|3b5343a756239d165d4045f3efc766e8|-987395134|jira.header.menu.opened|{"id":"help_menu"}|1485162251682|SEN-L4572887|fe1fc79aff2b30a64512d5d61186cba1|browser|
1.5|2017-01-23 09:04:15,765|69dd6c945d2b3c245815026cd485d21d|jira|6.3.6|3b5343a756239d165d4045f3efc766e8|-987395134|jira.header.menu.closed|{"id":"admin_menu"}|1485162251695|SEN-L4572887|fe1fc79aff2b30a64512d5d61186cba1|browser|
1.5|2017-01-23 09:04:15,777|69dd6c945d2b3c245815026cd485d21d|jira|6.3.6|3b5343a756239d165d4045f3efc766e8|-987395134|jira.header.menu.closed|{"id":"help_menu"}|1485162253743|SEN-L4572887|fe1fc79aff2b30a64512d5d61186cba1|browser|
1.5|2017-01-23 09:05:20,624|69dd6c945d2b3c245815026cd485d21d|jira|6.3.6|3b5343a756239d165d4045f3efc766e8|-987395134|jira.header.menu.opened|{"id":"admin_menu"}|1485162318857|SEN-L4572887|fe1fc79aff2b30a64512d5d61186cba1|browser|
1.5|2017-01-23 09:05:20,625|69dd6c945d2b3c245815026cd485d21d|jira|6.3.6|3b5343a756239d165d4045f3efc766e8|-987395134|jira.header.menu.item.clicked|{"id":"admin_system_menu","menu_id":"admin_menu"}|1485162320588|SEN-L4572887|fe1fc79aff2b30a64512d5d61186cba1|browser|
1.5|2017-01-23 09:05:20,626|69dd6c945d2b3c245815026cd485d21d|jira|6.3.6|3b5343a756239d165d4045f3efc766e8|-987395134|jira.header.menu.closed|{"id":"admin_menu"}|1485162320593|SEN-L4572887|fe1fc79aff2b30a64512d5d61186cba1|browser|
1.5|2017-01-23 09:06:07,293|69dd6c945d2b3c245815026cd485d21d|jira|6.3.6|3b5343a756239d165d4045f3efc766e8|-987395134|administration.navigate.tabs|{"tab":"general_configuration","section":"admin_system_menu/top_system_section","id":"restore_data","type":"tabs","title":"Restore System"}|1485162366045|SEN-L4572887|fe1fc79aff2b30a64512d5d61186cba1|browser|
1.5|2017-01-23 09:06:34,831|69dd6c945d2b3c245815026cd485d21d|jira|6.3.6|3b5343a756239d165d4045f3efc766e8|-987395134|administration.navigate.tabs|{"tab":"general_configuration","section":"admin_system_menu/top_system_section","id":"project_import","type":"tabs","title":"Project Import"}|1485162393982|SEN-L4572887|fe1fc79aff2b30a64512d5d61186cba1|browser|
1.5|2017-01-23 09:08:04,684|69dd6c945d2b3c245815026cd485d21d|jira|6.3.6|3b5343a756239d165d4045f3efc766e8|-987395134|administration.navigate.tabs|{"tab":"project_import","section":"admin_system_menu/top_system_section/import_export_section","id":"external_import","type":"tabs","title":"External System Import"}|1485162483609|SEN-L4572887|fe1fc79aff2b30a64512d5d61186cba1|browser|
1.5|2017-01-23 09:09:04,692|69dd6c945d2b3c245815026cd485d21d|jira|6.3.6|3b5343a756239d165d4045f3efc766e8|-987395134|administration.navigate.tabs|{"tab":"external_import","section":"admin_system_menu/top_system_section/import_export_section","id":"restore_data","type":"tabs","title":"Restore System"}|1485162544501|SEN-L4572887|fe1fc79aff2b30a64512d5d61186cba1|browser|
1.5|2017-01-23 09:26:30,174|69dd6c945d2b3c245815026cd485d21d|jira|6.3.6|3b5343a756239d165d4045f3efc766e8|-987395134|jira.header.menu.opened|{"id":"admin_menu"}|1485163590006|SEN-L4572887|fe1fc79aff2b30a64512d5d61186cba1|browser|
1.5|2017-01-23 09:26:35,172|69dd6c945d2b3c245815026cd485d21d|jira|6.3.6|3b5343a756239d165d4045f3efc766e8|-987395134|jira.header.menu.item.clicked|{"id":"admin_system_menu","menu_id":"admin_menu"}|1485163594914|SEN-L4572887|fe1fc79aff2b30a64512d5d61186cba1|browser|
1.5|2017-01-23 09:26:35,173|69dd6c945d2b3c245815026cd485d21d|jira|6.3.6|3b5343a756239d165d4045f3efc766e8|-987395134|jira.header.menu.closed|{"id":"admin_menu"}|1485163594924|SEN-L4572887|fe1fc79aff2b30a64512d5d61186cba1|browser|
1.5|2017-01-23 09:26:41,096|69dd6c945d2b3c245815026cd485d21d|jira|6.3.6|3b5343a756239d165d4045f3efc766e8|-987395134|userauthenticated|{}|1485163601096|SEN-L4572887|fe1fc79aff2b30a64512d5d61186cba1|crowd.user|
1.5|2017-01-23 09:26:41,392|69dd6c945d2b3c245815026cd485d21d|jira|6.3.6|3b5343a756239d165d4045f3efc766e8|-987395134|userlogin|{"eventType":"5"}|1485163601390|SEN-L4572887|fe1fc79aff2b30a64512d5d61186cba1|user|
1.5|2017-01-23 09:27:29,305|69dd6c945d2b3c245815026cd485d21d|jira|6.3.6|3b5343a756239d165d4045f3efc766e8|-377585054|administration.navigate.tabs|{"tab":"upm-marketplace-link","section":"admin_plugins_menu/upm_section","id":"upm-admin-link","type":"tabs","title":"Manage add-ons"}|1485163648472|SEN-L4572887|fe1fc79aff2b30a64512d5d61186cba1|browser|
1.5|2017-01-23 09:28:03,485|69dd6c945d2b3c245815026cd485d21d|jira|6.3.6|3b5343a756239d165d4045f3efc766e8|null|beforeplugindisabled|{"plugin.key":"tac.jira.languages.zh_CN"}|1485163683484|SEN-L4572887|||
1.5|2017-01-23 09:28:03,493|69dd6c945d2b3c245815026cd485d21d|jira|6.3.6|3b5343a756239d165d4045f3efc766e8|null|beforepluginmoduledisabled|{"module.key":"tac.jira.languages.zh_CN:zh_CN","persistent":"false"}|1485163683492|SEN-L4572887|||
1.5|2017-01-23 09:28:03,612|69dd6c945d2b3c245815026cd485d21d|jira|6.3.6|3b5343a756239d165d4045f3efc766e8|null|plugindisabled|{"plugin.key":"tac.jira.languages.zh_CN"}|1485163683612|SEN-L4572887|||
1.5|2017-01-23 09:28:03,682|69dd6c945d2b3c245815026cd485d21d|jira|6.3.6|3b5343a756239d165d4045f3efc766e8|null|pluginupgraded|{"plugin.key":"tac.jira.languages.zh_CN"}|1485163683682|SEN-L4572887|||
1.5|2017-01-23 09:30:05,171|69dd6c945d2b3c245815026cd485d21d|jira|6.3.6|3b5343a756239d165d4045f3efc766e8|-377585054|generalconfigurationupdated|{}|1485163805170|SEN-L4572887|fe1fc79aff2b30a64512d5d61186cba1|web.action.admin|
1.5|2017-01-23 09:30:26,857|69dd6c945d2b3c245815026cd485d21d|jira|6.3.6|3b5343a756239d165d4045f3efc766e8|-377585054|jira.header.menu.opened|{"id":"admin_menu"}|1485163823035|SEN-L4572887|fe1fc79aff2b30a64512d5d61186cba1|browser|
1.5|2017-01-23 09:30:26,858|69dd6c945d2b3c245815026cd485d21d|jira|6.3.6|3b5343a756239d165d4045f3efc766e8|-377585054|jira.header.menu.item.clicked|{"id":"admin_users_menu","menu_id":"admin_menu"}|1485163825930|SEN-L4572887|fe1fc79aff2b30a64512d5d61186cba1|browser|
1.5|2017-01-23 09:30:26,859|69dd6c945d2b3c245815026cd485d21d|jira|6.3.6|3b5343a756239d165d4045f3efc766e8|-377585054|jira.header.menu.closed|{"id":"admin_menu"}|1485163825941|SEN-L4572887|fe1fc79aff2b30a64512d5d61186cba1|browser|
1.5|2017-01-23 09:30:31,858|69dd6c945d2b3c245815026cd485d21d|jira|6.3.6|3b5343a756239d165d4045f3efc766e8|-377585054|helptips.add-new-users.shown|{}|1485163826867|SEN-L4572887|fe1fc79aff2b30a64512d5d61186cba1|browser|
1.5|2017-01-23 09:31:31,877|69dd6c945d2b3c245815026cd485d21d|jira|6.3.6|3b5343a756239d165d4045f3efc766e8|-377585054|jira.header.menu.opened|{"id":"admin_menu"}|1485163889757|SEN-L4572887|fe1fc79aff2b30a64512d5d61186cba1|browser|
1.5|2017-01-23 09:31:31,877|69dd6c945d2b3c245815026cd485d21d|jira|6.3.6|3b5343a756239d165d4045f3efc766e8|-377585054|jira.header.menu.item.clicked|{"id":"admin_system_menu","menu_id":"admin_menu"}|1485163891582|SEN-L4572887|fe1fc79aff2b30a64512d5d61186cba1|browser|
1.5|2017-01-23 09:31:31,878|69dd6c945d2b3c245815026cd485d21d|jira|6.3.6|3b5343a756239d165d4045f3efc766e8|-377585054|jira.header.menu.closed|{"id":"admin_menu"}|1485163891588|SEN-L4572887|fe1fc79aff2b30a64512d5d61186cba1|browser|
1.5|2017-01-23 09:31:36,378|69dd6c945d2b3c245815026cd485d21d|jira|6.3.6|3b5343a756239d165d4045f3efc766e8|-377585054|administration.navigate.tabs|{"tab":"general_configuration","section":"admin_system_menu/top_system_section","id":"restore_data","type":"tabs","title":"恢复数据"}|1485163895902|SEN-L4572887|fe1fc79aff2b30a64512d5d61186cba1|browser|
1.5|2017-01-23 09:52:20,739|69dd6c945d2b3c245815026cd485d21d|jira|6.3.6|3b5343a756239d165d4045f3efc766e8|-377585054|userauthenticated|{"user.name":"3b5343a756239d165d4045f3efc766e8"}|1485165140739|SEN-L4572887|fe1fc79aff2b30a64512d5d61186cba1|crowd.user|
1.5|2017-01-23 09:52:20,878|69dd6c945d2b3c245815026cd485d21d|jira|6.3.6|3b5343a756239d165d4045f3efc766e8|-377585054|userlogin|{"user.name":"3b5343a756239d165d4045f3efc766e8","eventType":"5","initiatingUser.name":"3b5343a756239d165d4045f3efc766e8"}|1485165140878|SEN-L4572887|fe1fc79aff2b30a64512d5d61186cba1|user|
1.5|2017-01-23 09:53:45,208|69dd6c945d2b3c245815026cd485d21d|jira|6.3.6|-|null|importstarted|{}|1485165225207|SEN-L4572887||bc.dataimport|
1.5|2017-01-23 09:54:07,166|69dd6c945d2b3c245815026cd485d21d|jira|6.3.6|-|null|hotrestart|{}|1485165247166|SEN-L4572887||activeobjects.spi|
1.5|2017-01-23 09:54:07,220|69dd6c945d2b3c245815026cd485d21d|jira|6.3.6|-|null|indexingshutdown|{}|1485165247217|SEN-L4572887||issue.index|
